2025-07-21 07:54:18 [INFO]: ✅ Connected to MongoDB.
2025-07-21 08:01:49 [INFO]: ✅ Connected to MongoDB.
2025-07-21 08:02:49 [ERROR]: Failed to login user: Error: data and hash arguments required
2025-07-21 08:02:49 [ERROR]: Failed to get the error the status code is error and the message is Failed to login user: Error: data and hash arguments required
2025-07-21 08:05:45 [INFO]: ✅ Connected to MongoDB.
2025-07-21 08:07:33 [INFO]: ✅ Connected to MongoDB.
2025-07-21 08:07:40 [INFO]: ✅ Connected to MongoDB.
2025-07-21 08:08:31 [ERROR]: Token not provided or invalid format. Header: undefined
2025-07-21 08:08:31 [ERROR]: Failed to get the error the status code is fail and the message is Token not provided or invalid format. Header: undefined
2025-07-21 08:10:29 [INFO]: ✅ Connected to MongoDB.
2025-07-21 08:10:47 [INFO]: ✅ Connected to MongoDB.
2025-07-21 08:11:01 [INFO]: ✅ Connected to MongoDB.
2025-07-21 08:11:16 [INFO]: ✅ Connected to MongoDB.
2025-07-21 08:11:20 [INFO]: ✅ Connected to MongoDB.
2025-07-21 08:11:48 [ERROR]: Failed to login user: Error: data and hash arguments required
2025-07-21 08:11:48 [ERROR]: Failed to get the error the status code is error and the message is Failed to login user: Error: data and hash arguments required
2025-07-21 08:11:59 [ERROR]: Failed to login user: Error: data and hash arguments required
2025-07-21 08:11:59 [ERROR]: Failed to get the error the status code is error and the message is Failed to login user: Error: data and hash arguments required
2025-07-21 08:12:05 [ERROR]: Failed to login user: Error: data and hash arguments required
2025-07-21 08:12:05 [ERROR]: Failed to get the error the status code is error and the message is Failed to login user: Error: data and hash arguments required
2025-07-21 08:13:51 [INFO]: ✅ Connected to MongoDB.
2025-07-21 08:14:20 [INFO]: ✅ Connected to MongoDB.
2025-07-21 08:14:23 [INFO]: ✅ Connected to MongoDB.
